<?xml version="1.0" encoding="UTF-8"?>
<testsuite xmlns:xsi="http://www.w3.org/2001/XMLSchema-instance" xsi:noNamespaceSchemaLocation="https://maven.apache.org/surefire/maven-surefire-plugin/xsd/surefire-test-report.xsd" name="MainTest" time="1.346" tests="6" errors="0" skipped="0" failures="0">
  <properties>
    <property name="java.specification.version" value="17"/>
    <property name="sun.cpu.isalist" value="amd64"/>
    <property name="sun.jnu.encoding" value="Cp1254"/>
    <property name="java.class.path" value="C:\Users\Kubra\Desktop\hesapMakinesi\FSWEB-S15D4-Maven\target\test-classes;C:\Users\Kubra\Desktop\hesapMakinesi\FSWEB-S15D4-Maven\target\classes;C:\Users\Kubra\.m2\repository\org\junit\jupiter\junit-jupiter-engine\5.9.2\junit-jupiter-engine-5.9.2.jar;C:\Users\Kubra\.m2\repository\org\junit\platform\junit-platform-engine\1.9.2\junit-platform-engine-1.9.2.jar;C:\Users\Kubra\.m2\repository\org\opentest4j\opentest4j\1.2.0\opentest4j-1.2.0.jar;C:\Users\Kubra\.m2\repository\org\junit\platform\junit-platform-commons\1.9.2\junit-platform-commons-1.9.2.jar;C:\Users\Kubra\.m2\repository\org\junit\jupiter\junit-jupiter-api\5.9.2\junit-jupiter-api-5.9.2.jar;C:\Users\Kubra\.m2\repository\org\apiguardian\apiguardian-api\1.1.2\apiguardian-api-1.1.2.jar;C:\Users\Kubra\.m2\repository\org\apache\httpcomponents\httpclient\4.5.14\httpclient-4.5.14.jar;C:\Users\Kubra\.m2\repository\org\apache\httpcomponents\httpcore\4.4.16\httpcore-4.4.16.jar;C:\Users\Kubra\.m2\repository\commons-logging\commons-logging\1.2\commons-logging-1.2.jar;C:\Users\Kubra\.m2\repository\commons-codec\commons-codec\1.11\commons-codec-1.11.jar;C:\Users\Kubra\.m2\repository\org\json\json\20240205\json-20240205.jar;C:\Users\Kubra\.m2\repository\org\hamcrest\hamcrest\2.2\hamcrest-2.2.jar;"/>
    <property name="java.vm.vendor" value="Amazon.com Inc."/>
    <property name="sun.arch.data.model" value="64"/>
    <property name="user.variant" value=""/>
    <property name="java.vendor.url" value="https://aws.amazon.com/corretto/"/>
    <property name="user.timezone" value="Europe/Istanbul"/>
    <property name="os.name" value="Windows 11"/>
    <property name="java.vm.specification.version" value="17"/>
    <property name="sun.java.launcher" value="SUN_STANDARD"/>
    <property name="user.country" value="TR"/>
    <property name="sun.boot.library.path" value="C:\Users\Kubra\.jdks\corretto-17.0.14\bin"/>
    <property name="sun.java.command" value="C:\Users\Kubra\AppData\Local\Temp\surefire340034210360179508\surefirebooter14469949611854162843.jar C:\Users\Kubra\AppData\Local\Temp\surefire340034210360179508 2025-05-20T12-34-38_709-jvmRun1 surefire4713895150368754293tmp surefire_08510461026599962506tmp"/>
    <property name="jdk.debug" value="release"/>
    <property name="surefire.test.class.path" value="C:\Users\Kubra\Desktop\hesapMakinesi\FSWEB-S15D4-Maven\target\test-classes;C:\Users\Kubra\Desktop\hesapMakinesi\FSWEB-S15D4-Maven\target\classes;C:\Users\Kubra\.m2\repository\org\junit\jupiter\junit-jupiter-engine\5.9.2\junit-jupiter-engine-5.9.2.jar;C:\Users\Kubra\.m2\repository\org\junit\platform\junit-platform-engine\1.9.2\junit-platform-engine-1.9.2.jar;C:\Users\Kubra\.m2\repository\org\opentest4j\opentest4j\1.2.0\opentest4j-1.2.0.jar;C:\Users\Kubra\.m2\repository\org\junit\platform\junit-platform-commons\1.9.2\junit-platform-commons-1.9.2.jar;C:\Users\Kubra\.m2\repository\org\junit\jupiter\junit-jupiter-api\5.9.2\junit-jupiter-api-5.9.2.jar;C:\Users\Kubra\.m2\repository\org\apiguardian\apiguardian-api\1.1.2\apiguardian-api-1.1.2.jar;C:\Users\Kubra\.m2\repository\org\apache\httpcomponents\httpclient\4.5.14\httpclient-4.5.14.jar;C:\Users\Kubra\.m2\repository\org\apache\httpcomponents\httpcore\4.4.16\httpcore-4.4.16.jar;C:\Users\Kubra\.m2\repository\commons-logging\commons-logging\1.2\commons-logging-1.2.jar;C:\Users\Kubra\.m2\repository\commons-codec\commons-codec\1.11\commons-codec-1.11.jar;C:\Users\Kubra\.m2\repository\org\json\json\20240205\json-20240205.jar;C:\Users\Kubra\.m2\repository\org\hamcrest\hamcrest\2.2\hamcrest-2.2.jar;"/>
    <property name="sun.cpu.endian" value="little"/>
    <property name="user.home" value="C:\Users\Kubra"/>
    <property name="user.language" value="tr"/>
    <property name="java.specification.vendor" value="Oracle Corporation"/>
    <property name="java.version.date" value="2025-01-21"/>
    <property name="java.home" value="C:\Users\Kubra\.jdks\corretto-17.0.14"/>
    <property name="file.separator" value="\"/>
    <property name="basedir" value="C:\Users\Kubra\Desktop\hesapMakinesi\FSWEB-S15D4-Maven"/>
    <property name="java.vm.compressedOopsMode" value="32-bit"/>
    <property name="line.separator" value="&#10;"/>
    <property name="java.vm.specification.vendor" value="Oracle Corporation"/>
    <property name="java.specification.name" value="Java Platform API Specification"/>
    <property name="surefire.real.class.path" value="C:\Users\Kubra\AppData\Local\Temp\surefire340034210360179508\surefirebooter14469949611854162843.jar"/>
    <property name="user.script" value=""/>
    <property name="sun.management.compiler" value="HotSpot 64-Bit Tiered Compilers"/>
    <property name="java.runtime.version" value="17.0.14+7-LTS"/>
    <property name="user.name" value="Kubra"/>
    <property name="path.separator" value=";"/>
    <property name="os.version" value="10.0"/>
    <property name="java.runtime.name" value="OpenJDK Runtime Environment"/>
    <property name="file.encoding" value="Cp1254"/>
    <property name="java.vm.name" value="OpenJDK 64-Bit Server VM"/>
    <property name="java.vendor.version" value="Corretto-17.0.14.7.1"/>
    <property name="localRepository" value="C:\Users\Kubra\.m2\repository"/>
    <property name="java.vendor.url.bug" value="https://github.com/corretto/corretto-17/issues/"/>
    <property name="java.io.tmpdir" value="C:\Users\Kubra\AppData\Local\Temp\"/>
    <property name="idea.version" value="2024.3.5"/>
    <property name="java.version" value="17.0.14"/>
    <property name="user.dir" value="C:\Users\Kubra\Desktop\hesapMakinesi\FSWEB-S15D4-Maven"/>
    <property name="os.arch" value="amd64"/>
    <property name="java.vm.specification.name" value="Java Virtual Machine Specification"/>
    <property name="sun.os.patch.level" value=""/>
    <property name="native.encoding" value="Cp1254"/>
    <property name="java.library.path" value="C:\Users\Kubra\.jdks\corretto-17.0.14\bin;C:\WINDOWS\Sun\Java\bin;C:\WINDOWS\system32;C:\WINDOWS;C:\Program Files\Google\Chrome\Application;C:\Program Files\Common Files\Oracle\Java\javapath;C:\Program Files (x86)\Common Files\Oracle\Java\java8path;C:\Program Files (x86)\Common Files\Oracle\Java\javapath;C:\WINDOWS\system32;C:\WINDOWS;C:\WINDOWS\System32\Wbem;C:\WINDOWS\System32\WindowsPowerShell\v1.0\;C:\WINDOWS\System32\OpenSSH\;C:\Program Files\Java\jre1.8.0_431\bin;C:\Program Files\Java\jdk-23\bin;C:\Program Files\nodejs\;C:\Program Files\Git\cmd;C:\Users\Kubra\AppData\Local\Programs\Python\Launcher\;C:\Users\Kubra\AppData\Local\Microsoft\WindowsApps;C:\Users\Kubra\AppData\Local\Programs\Microsoft VS Code\bin;C:\Users\Kubra\AppData\Local\GitHubDesktop\bin;C:\Users\Kubra\AppData\Roaming\npm;."/>
    <property name="java.vm.info" value="mixed mode, sharing"/>
    <property name="java.vendor" value="Amazon.com Inc."/>
    <property name="java.vm.version" value="17.0.14+7-LTS"/>
    <property name="java.specification.maintenance.version" value="1"/>
    <property name="sun.io.unicode.encoding" value="UnicodeLittle"/>
    <property name="java.class.version" value="61.0"/>
  </properties>
  <testcase name="testWorkintechListSortMethod" classname="MainTest" time="0.025"/>
  <testcase name="testWorkintechListRemoveMethod" classname="MainTest" time="0.002"/>
  <testcase name="testWorkintechListAddMethod" classname="MainTest" time="0.001"/>
  <testcase name="testPalindrome" classname="MainTest" time="0.008"/>
  <testcase name="testWorkintechListType" classname="MainTest" time="0.001"/>
  <testcase name="testConvertToDecimal" classname="MainTest" time="0.004"/>
</testsuite>